#
# There is insufficient memory for the Java Runtime Environment to continue.
# Native memory allocation (malloc) failed to allocate 1048576 bytes for AllocateHeap
# Possible reasons:
#   The system is out of physical RAM or swap space
#   The process is running with CompressedOops enabled, and the Java Heap may be blocking the growth of the native heap
# Possible solutions:
#   Reduce memory load on the system
#   Increase physical memory or swap space
#   Check if swap backing store is full
#   Decrease Java heap size (-Xmx/-Xms)
#   Decrease number of Java threads
#   Decrease Java thread stack sizes (-Xss)
#   Set larger code cache with -XX:ReservedCodeCacheSize=
#   JVM is running with Unscaled Compressed Oops mode in which the Java heap is
#     placed in the first 4GB address space. The Java Heap base address is the
#     maximum limit for the native heap growth. Please use -XX:HeapBaseMinAddress
#     to set the Java Heap base and to place the Java Heap above 4GB virtual address.
# This output file may be truncated or incomplete.
#
#  Out of Memory Error (allocation.cpp:44), pid=8632, tid=5924
#
# JRE version:  (17.0.7+10) (build )
# Java VM: OpenJDK 64-Bit Server VM (17.0.7+10-b829.16, mixed mode, sharing, tiered, compressed oops, compressed class ptrs, g1 gc, windows-amd64)
# No core dump will be written. Minidumps are not enabled by default on client versions of Windows
#

---------------  S U M M A R Y ------------

Command Line: git4idea.http.GitAskPassApp Username for 'https://github.students.cs.ubc.ca': 

Host: AMD 3015e with Radeon Graphics                 , 4 cores, 3G,  Windows 10 , 64 bit Build 19041 (10.0.19041.3393)
Time: Thu Oct  5 18:43:19 2023 Pacific Daylight Time elapsed time: 0.140571 seconds (0d 0h 0m 0s)

---------------  T H R E A D  ---------------

Current thread (0x0000023ff12c70d0):  JavaThread "Unknown thread" [_thread_in_vm, id=5924, stack(0x0000009aedb00000,0x0000009aedc00000)]

Stack: [0x0000009aedb00000,0x0000009aedc00000]
Native frames: (J=compiled Java code, j=interpreted, Vv=VM code, C=native code)
V  [jvm.dll+0x683cca]
V  [jvm.dll+0x8424b4]
V  [jvm.dll+0x843cae]
V  [jvm.dll+0x844313]
V  [jvm.dll+0x24ad2f]
V  [jvm.dll+0xa69cf]
V  [jvm.dll+0x2dd084]
V  [jvm.dll+0x81440c]
V  [jvm.dll+0x36ffe1]
V  [jvm.dll+0x7f3a1c]
V  [jvm.dll+0x3f305f]
V  [jvm.dll+0x3f4b91]
C  [jli.dll+0x528f]
C  [ucrtbase.dll+0x21bb2]
C  [KERNEL32.DLL+0x17344]
C  [ntdll.dll+0x526b1]


---------------  P R O C E S S  ---------------

Threads class SMR info:
_java_thread_list=0x00007fffb217b098, length=0, elements={
}

Java Threads: ( => current thread )

Other Threads:

=>0x0000023ff12c70d0 (exited) JavaThread "Unknown thread" [_thread_in_vm, id=5924, stack(0x0000009aedb00000,0x0000009aedc00000)]

Threads with active compile tasks:

VM state: not at safepoint (not fully initialized)

VM Mutex/Monitor currently owned by a thread: None

Heap address: 0x0000000000000000, size: 0 MB, Compressed Oops mode: 32-bit

CDS archive(s) mapped at: [0x0000000000000000-0x0000000000000000-0x0000000000000000), size 0, SharedBaseAddress: 0x0000000800000000, ArchiveRelocationMode: 0.
Narrow klass base: 0x0000000000000000, Narrow klass shift: 0, Narrow klass range: 0x0

GC Precious Log:
<Empty>

GC Heap History (0 events):
No events

Dll operation events (1 events):
Event: 0.100 Loaded shared library C:\Program Files\JetBrains\IntelliJ IDEA Community Edition 2023.1.3\jbr\bin\java.dll

Deoptimization events (0 events):
No events

Classes unloaded (0 events):
No events

Classes redefined (0 events):
No events

Internal exceptions (0 events):
No events

VM Operations (0 events):
No events

Events (0 events):
No events


Dynamic libraries:
0x00007ff63d640000 - 0x00007ff63d64a000 	C:\Program Files\JetBrains\IntelliJ IDEA Community Edition 2023.1.3\jbr\bin\java.exe
0x00007ffffb370000 - 0x00007ffffb568000 	C:\Windows\SYSTEM32\ntdll.dll
0x00007ffff99e0000 - 0x00007ffff9a9d000 	C:\Windows\System32\KERNEL32.DLL
0x00007ffff8fa0000 - 0x00007ffff9296000 	C:\Windows\System32\KERNELBASE.dll
0x00007ffff8d10000 - 0x00007ffff8e10000 	C:\Windows\System32\ucrtbase.dll
0x00007fffdc770000 - 0x00007fffdc787000 	C:\Program Files\JetBrains\IntelliJ IDEA Community Edition 2023.1.3\jbr\bin\jli.dll
0x00007fffca6f0000 - 0x00007fffca70b000 	C:\Program Files\JetBrains\IntelliJ IDEA Community Edition 2023.1.3\jbr\bin\VCRUNTIME140.dll
0x00007ffffa6a0000 - 0x00007ffffa83e000 	C:\Windows\System32\USER32.dll
0x00007ffff92a0000 - 0x00007ffff92c2000 	C:\Windows\System32\win32u.dll
0x00007ffffa450000 - 0x00007ffffa47c000 	C:\Windows\System32\GDI32.dll
0x00007ffff8ba0000 - 0x00007ffff8cba000 	C:\Windows\System32\gdi32full.dll
0x00007ffff8b00000 - 0x00007ffff8b9d000 	C:\Windows\System32\msvcp_win.dll
0x00007fffe8290000 - 0x00007fffe852a000 	C:\Windows\WinSxS\amd64_microsoft.windows.common-controls_6595b64144ccf1df_6.0.19041.1110_none_60b5254171f9507e\COMCTL32.dll
0x00007ffffaff0000 - 0x00007ffffb08e000 	C:\Windows\System32\msvcrt.dll
0x00007ffffa480000 - 0x00007ffffa4b0000 	C:\Windows\System32\IMM32.DLL
0x00007fffe8080000 - 0x00007fffe808c000 	C:\Program Files\JetBrains\IntelliJ IDEA Community Edition 2023.1.3\jbr\bin\vcruntime140_1.dll
0x00007fffbdd00000 - 0x00007fffbdd8d000 	C:\Program Files\JetBrains\IntelliJ IDEA Community Edition 2023.1.3\jbr\bin\msvcp140.dll
0x00007fffb1640000 - 0x00007fffb22ae000 	C:\Program Files\JetBrains\IntelliJ IDEA Community Edition 2023.1.3\jbr\bin\server\jvm.dll
0x00007ffff9860000 - 0x00007ffff990e000 	C:\Windows\System32\ADVAPI32.dll
0x00007ffff9e80000 - 0x00007ffff9f1c000 	C:\Windows\System32\sechost.dll
0x00007ffff9b00000 - 0x00007ffff9c26000 	C:\Windows\System32\RPCRT4.dll
0x00007fffed490000 - 0x00007fffed4b7000 	C:\Windows\SYSTEM32\WINMM.dll
0x00007fffee0c0000 - 0x00007fffee0ca000 	C:\Windows\SYSTEM32\VERSION.dll
0x00007ffff2fc0000 - 0x00007ffff2fc9000 	C:\Windows\SYSTEM32\WSOCK32.dll
0x00007ffffa360000 - 0x00007ffffa3cb000 	C:\Windows\System32\WS2_32.dll
0x00007ffff7270000 - 0x00007ffff7282000 	C:\Windows\SYSTEM32\kernel.appcore.dll
0x00007ffff0cb0000 - 0x00007ffff0cba000 	C:\Program Files\JetBrains\IntelliJ IDEA Community Edition 2023.1.3\jbr\bin\jimage.dll
0x00007ffff7060000 - 0x00007ffff7244000 	C:\Windows\SYSTEM32\DBGHELP.DLL
0x00007fffe4df0000 - 0x00007fffe4e24000 	C:\Windows\SYSTEM32\dbgcore.DLL
0x00007ffff9340000 - 0x00007ffff93c2000 	C:\Windows\System32\bcryptPrimitives.dll
0x00007fffe8050000 - 0x00007fffe8075000 	C:\Program Files\JetBrains\IntelliJ IDEA Community Edition 2023.1.3\jbr\bin\java.dll

dbghelp: loaded successfully - version: 4.0.5 - missing functions: none
symbol engine: initialized successfully - sym options: 0x614 - pdb path: .;C:\Program Files\JetBrains\IntelliJ IDEA Community Edition 2023.1.3\jbr\bin;C:\Windows\SYSTEM32;C:\Windows\WinSxS\amd64_microsoft.windows.common-controls_6595b64144ccf1df_6.0.19041.1110_none_60b5254171f9507e;C:\Program Files\JetBrains\IntelliJ IDEA Community Edition 2023.1.3\jbr\bin\server

VM Arguments:
java_command: git4idea.http.GitAskPassApp Username for 'https://github.students.cs.ubc.ca': 
java_class_path (initial): C:/Program Files/JetBrains/IntelliJ IDEA Community Edition 2023.1.3/plugins/vcs-git/lib/git4idea-rt.jar;C:/Program Files/JetBrains/IntelliJ IDEA Community Edition 2023.1.3/lib/externalProcess-rt.jar
Launcher Type: SUN_STANDARD

[Global flags]
     intx CICompilerCount                          = 3                                         {product} {ergonomic}
     uint ConcGCThreads                            = 1                                         {product} {ergonomic}
     uint G1ConcRefinementThreads                  = 4                                         {product} {ergonomic}
   size_t G1HeapRegionSize                         = 1048576                                   {product} {ergonomic}
    uintx GCDrainStackTargetSize                   = 64                                        {product} {ergonomic}
   size_t InitialHeapSize                          = 56623104                                  {product} {ergonomic}
   size_t MarkStackSize                            = 4194304                                   {product} {ergonomic}
   size_t MaxHeapSize                              = 903872512                                 {product} {ergonomic}
   size_t MinHeapDeltaBytes                        = 1048576                                   {product} {ergonomic}
   size_t MinHeapSize                              = 8388608                                   {product} {ergonomic}
    uintx NonNMethodCodeHeapSize                   = 5832780                                {pd product} {ergonomic}
    uintx NonProfiledCodeHeapSize                  = 122912730                              {pd product} {ergonomic}
    uintx ProfiledCodeHeapSize                     = 122912730                              {pd product} {ergonomic}
    uintx ReservedCodeCacheSize                    = 251658240                              {pd product} {ergonomic}
     bool SegmentedCodeCache                       = true                                      {product} {ergonomic}
   size_t SoftMaxHeapSize                          = 903872512                              {manageable} {ergonomic}
     bool UseCompressedClassPointers               = true                           {product lp64_product} {ergonomic}
     bool UseCompressedOops                        = true                           {product lp64_product} {ergonomic}
     bool UseG1GC                                  = true                                      {product} {ergonomic}
     bool UseLargePagesIndividualAllocation        = false                                  {pd product} {ergonomic}

Logging:
Log output configuration:
 #0: stdout all=warning uptime,level,tags
 #1: stderr all=off uptime,level,tags

Environment Variables:
PATH=C:\Program Files\Git\mingw64\libexec\git-core;C:\Program Files\Git\mingw64\libexec\git-core;C:\Program Files\Git\mingw64\bin;C:\Program Files\Git\usr\bin;C:\Users\Lenovo-Laptop\bin;C:\Windows\system32;C:\Windows;C:\Windows\System32\Wbem;C:\Windows\System32\WindowsPowerShell\v1.0;C:\Windows\System32\OpenSSH;C:\Program Files\Git\cmd;C:\Program Files\dotnet;C:\Users\Lenovo-Laptop\AppData\Local\Microsoft\WindowsApps
USERNAME=Lenovo-Laptop
DISPLAY=:0.0
LC_ALL=en_US.UTF-8
TERM=xterm-256color
TMPDIR=C:\Users\LENOVO~1\AppData\Local\Temp
OS=Windows_NT
PROCESSOR_IDENTIFIER=AMD64 Family 23 Model 32 Stepping 1, AuthenticAMD
TMP=C:\Users\LENOVO~1\AppData\Local\Temp
TEMP=C:\Users\LENOVO~1\AppData\Local\Temp


JNI global refs:

[error occurred during error reporting (JNI global references), id 0xc0000005, EXCEPTION_ACCESS_VIOLATION (0xc0000005) at pc=0x00007fffb16f7fc0]


---------------  S Y S T E M  ---------------

OS:
 Windows 10 , 64 bit Build 19041 (10.0.19041.3393)
OS uptime: 10 days 5:35 hours

CPU: total 4 (initial active 4) (4 cores per cpu, 2 threads per core) family 23 model 32 stepping 1 microcode 0x0, cx8, cmov, fxsr, ht, mmx, 3dnowpref, sse, sse2, sse3, ssse3, sse4a, sse4.1, sse4.2, popcnt, lzcnt, tsc, tscinvbit, avx, avx2, aes, clmul, bmi1, bmi2, adx, sha, fma, vzeroupper, clflush, clflushopt

Memory: 4k page, system-wide physical 3440M (79M free)
TotalPageFile size 10736M (AvailPageFile size 5M)
current process WorkingSet (physical memory assigned to process): 9M, peak: 9M
current process commit charge ("private bytes"): 12M, peak: 13M

vm_info: OpenJDK 64-Bit Server VM (17.0.7+10-b829.16) for windows-amd64 JRE (17.0.7+10-b829.16), built on 2023-06-02 by "builduser" with MS VC++ 16.10 / 16.11 (VS2019)

END.
